
> datelore@0.1.0 build
> astro build

[2m01:41:11[22m [34m[content][39m Syncing content
[2m01:41:11[22m [34m[content][39m Synced content
[2m01:41:11[22m [34m[types][39m Generated [2m133ms[22m
[2m01:41:11[22m [34m[build][39m output: [34m"static"[39m
[2m01:41:11[22m [34m[build][39m mode: [34m"static"[39m
[2m01:41:11[22m [34m[build][39m directory: [34mC:\Users\tailo\Downloads\DFS\NFL Data\NFL 2025\tools\datelore\dist\[39m
[2m01:41:11[22m [34m[build][39m Collecting build info...
[2m01:41:11[22m [34m[build][39m [32m✓ Completed in 178ms.[39m
[2m01:41:12[22m [34m[build][39m Building static entrypoints...
[2m01:41:16[22m [34m[vite][39m [32m✓ built in 4.45s[39m
[2m01:41:16[22m [34m[build][39m [32m✓ Completed in 4.56s.[39m

[42m[30m building client (vite) [39m[49m
[2m01:41:16[22m [34m[vite][39m transforming...
[2m01:41:16[22m [34m[vite][39m [32m✓[39m 6 modules transformed.
[2m01:41:16[22m [34m[vite][39m rendering chunks...
[2m01:41:16[22m [34m[vite][39m computing gzip size...
[2m01:41:16[22m [34m[vite][39m [2mdist/[22m[36m_astro/BaseLayout.astro_astro_type_script_index_0_lang.CgyLyCJJ.js  [39m[1m[2m7.08 kB[22m[1m[22m[2m │ gzip: 2.94 kB[22m
[2m01:41:16[22m [34m[vite][39m [32m✓ built in 103ms[39m

[42m[30m generating static routes [39m[49m
[2m01:41:17[22m [32m▶[39m src/pages/about.astro
[2m01:41:17[22m   [34m└─[39m [2m/about/index.html[22m [2m(+34ms)[22m 
[2m01:41:17[22m [32m▶[39m src/pages/birthday.astro
[2m01:41:17[22m   [34m└─[39m [2m/birthday/index.html[22m [2m(+19ms)[22m 
[2m01:41:17[22m [32m▶[39m src/pages/contact.astro
[2m01:41:17[22m   [34m└─[39m [2m/contact/index.html[22m [2m(+20ms)[22m 
[2m01:41:17[22m [35mλ[39m src/pages/og/[slug].png.ts
[2m01:41:17[22m   [34m├─[39m [2m/og/january-1.png[22m [2m(+426ms)[22m 
[2m01:41:17[22m   [34m├─[39m [2m/og/january-2.png[22m [2m(+335ms)[22m 
[2m01:41:18[22m   [34m├─[39m [2m/og/january-3.png[22m [2m(+323ms)[22m 
[2m01:41:18[22m   [34m├─[39m [2m/og/january-4.png[22m [2m(+331ms)[22m 
[2m01:41:18[22m   [34m├─[39m [2m/og/january-5.png[22m [2m(+353ms)[22m 
[2m01:41:19[22m   [34m├─[39m [2m/og/january-6.png[22m [2m(+337ms)[22m 
[2m01:41:19[22m   [34m├─[39m [2m/og/january-7.png[22m [2m(+378ms)[22m 
[2m01:41:19[22m   [34m├─[39m [2m/og/january-8.png[22m [2m(+325ms)[22m 
[2m01:41:20[22m   [34m├─[39m [2m/og/january-9.png[22m [2m(+327ms)[22m 
[2m01:41:20[22m   [34m├─[39m [2m/og/january-10.png[22m [2m(+326ms)[22m 
[2m01:41:20[22m   [34m├─[39m [2m/og/january-11.png[22m [2m(+318ms)[22m 
[2m01:41:21[22m   [34m├─[39m [2m/og/january-12.png[22m [2m(+319ms)[22m 
[2m01:41:21[22m   [34m├─[39m [2m/og/january-13.png[22m [2m(+323ms)[22m 
[2m01:41:21[22m   [34m├─[39m [2m/og/january-14.png[22m [2m(+335ms)[22m 
[2m01:41:22[22m   [34m├─[39m [2m/og/january-15.png[22m [2m(+317ms)[22m 
[2m01:41:22[22m   [34m├─[39m [2m/og/january-16.png[22m [2m(+311ms)[22m 
[2m01:41:22[22m   [34m├─[39m [2m/og/january-17.png[22m [2m(+322ms)[22m 
[2m01:41:23[22m   [34m├─[39m [2m/og/january-18.png[22m [2m(+329ms)[22m 
[2m01:41:23[22m   [34m├─[39m [2m/og/january-19.png[22m [2m(+320ms)[22m 
[2m01:41:23[22m   [34m├─[39m [2m/og/january-20.png[22m [2m(+322ms)[22m 
[2m01:41:24[22m   [34m├─[39m [2m/og/january-21.png[22m [2m(+326ms)[22m 
[2m01:41:24[22m   [34m├─[39m [2m/og/january-22.png[22m [2m(+346ms)[22m 
[2m01:41:24[22m   [34m├─[39m [2m/og/january-23.png[22m [2m(+315ms)[22m 
[2m01:41:25[22m   [34m├─[39m [2m/og/january-24.png[22m [2m(+335ms)[22m 
[2m01:41:25[22m   [34m├─[39m [2m/og/january-25.png[22m [2m(+412ms)[22m 
[2m01:41:25[22m   [34m├─[39m [2m/og/january-26.png[22m [2m(+389ms)[22m 
[2m01:41:26[22m   [34m├─[39m [2m/og/january-27.png[22m [2m(+356ms)[22m 
[2m01:41:26[22m   [34m├─[39m [2m/og/january-28.png[22m [2m(+319ms)[22m 
[2m01:41:26[22m   [34m├─[39m [2m/og/january-29.png[22m [2m(+369ms)[22m 
[2m01:41:27[22m   [34m├─[39m [2m/og/january-30.png[22m [2m(+323ms)[22m 
[2m01:41:27[22m   [34m├─[39m [2m/og/january-31.png[22m [2m(+318ms)[22m 
[2m01:41:27[22m   [34m├─[39m [2m/og/february-1.png[22m [2m(+314ms)[22m 
[2m01:41:28[22m   [34m├─[39m [2m/og/february-2.png[22m [2m(+311ms)[22m 
[2m01:41:28[22m   [34m├─[39m [2m/og/february-3.png[22m [2m(+337ms)[22m 
[2m01:41:28[22m   [34m├─[39m [2m/og/february-4.png[22m [2m(+323ms)[22m 
[2m01:41:29[22m   [34m├─[39m [2m/og/february-5.png[22m [2m(+317ms)[22m 
[2m01:41:29[22m   [34m├─[39m [2m/og/february-6.png[22m [2m(+320ms)[22m 
[2m01:41:29[22m   [34m├─[39m [2m/og/february-7.png[22m [2m(+338ms)[22m 
[2m01:41:30[22m   [34m├─[39m [2m/og/february-8.png[22m [2m(+322ms)[22m 
[2m01:41:30[22m   [34m├─[39m [2m/og/february-9.png[22m [2m(+328ms)[22m 
[2m01:41:30[22m   [34m├─[39m [2m/og/february-10.png[22m [2m(+311ms)[22m 
[2m01:41:31[22m   [34m├─[39m [2m/og/february-11.png[22m [2m(+334ms)[22m 
[2m01:41:31[22m   [34m├─[39m [2m/og/february-12.png[22m [2m(+316ms)[22m 
[2m01:41:31[22m   [34m├─[39m [2m/og/february-13.png[22m [2m(+331ms)[22m 
[2m01:41:32[22m   [34m├─[39m [2m/og/february-14.png[22m [2m(+323ms)[22m 
[2m01:41:32[22m   [34m├─[39m [2m/og/february-15.png[22m [2m(+319ms)[22m 
[2m01:41:32[22m   [34m├─[39m [2m/og/february-16.png[22m [2m(+329ms)[22m 
[2m01:41:33[22m   [34m├─[39m [2m/og/february-17.png[22m [2m(+313ms)[22m 
[2m01:41:33[22m   [34m├─[39m [2m/og/february-18.png[22m [2m(+316ms)[22m 
[2m01:41:33[22m   [34m├─[39m [2m/og/february-19.png[22m [2m(+322ms)[22m 
[2m01:41:34[22m   [34m├─[39m [2m/og/february-20.png[22m [2m(+327ms)[22m 
[2m01:41:34[22m   [34m├─[39m [2m/og/february-21.png[22m [2m(+376ms)[22m 
[2m01:41:34[22m   [34m├─[39m [2m/og/february-22.png[22m [2m(+321ms)[22m 
[2m01:41:35[22m   [34m├─[39m [2m/og/february-23.png[22m [2m(+333ms)[22m 
[2m01:41:35[22m   [34m├─[39m [2m/og/february-24.png[22m [2m(+335ms)[22m 
[2m01:41:35[22m   [34m├─[39m [2m/og/february-25.png[22m [2m(+320ms)[22m 
[2m01:41:36[22m   [34m├─[39m [2m/og/february-26.png[22m [2m(+317ms)[22m 
[2m01:41:36[22m   [34m├─[39m [2m/og/february-27.png[22m [2m(+317ms)[22m 
[2m01:41:36[22m   [34m├─[39m [2m/og/february-28.png[22m [2m(+343ms)[22m 
[2m01:41:36[22m   [34m├─[39m [2m/og/february-29.png[22m [2m(+323ms)[22m 
[2m01:41:37[22m   [34m├─[39m [2m/og/march-1.png[22m [2m(+353ms)[22m 
[2m01:41:37[22m   [34m├─[39m [2m/og/march-2.png[22m [2m(+336ms)[22m 
[2m01:41:38[22m   [34m├─[39m [2m/og/march-3.png[22m [2m(+354ms)[22m 
[2m01:41:38[22m   [34m├─[39m [2m/og/march-4.png[22m [2m(+332ms)[22m 
[2m01:41:38[22m   [34m├─[39m [2m/og/march-5.png[22m [2m(+327ms)[22m 
[2m01:41:39[22m   [34m├─[39m [2m/og/march-6.png[22m [2m(+345ms)[22m 
[2m01:41:39[22m   [34m├─[39m [2m/og/march-7.png[22m [2m(+426ms)[22m 
[2m01:41:39[22m   [34m├─[39m [2m/og/march-8.png[22m [2m(+392ms)[22m 
[2m01:41:40[22m   [34m├─[39m [2m/og/march-9.png[22m [2m(+351ms)[22m 
[2m01:41:40[22m   [34m├─[39m [2m/og/march-10.png[22m [2m(+326ms)[22m 
[2m01:41:40[22m   [34m├─[39m [2m/og/march-11.png[22m [2m(+330ms)[22m 
[2m01:41:41[22m   [34m├─[39m [2m/og/march-12.png[22m [2m(+327ms)[22m 
[2m01:41:41[22m   [34m├─[39m [2m/og/march-13.png[22m [2m(+316ms)[22m 
[2m01:41:41[22m   [34m├─[39m [2m/og/march-14.png[22m [2m(+322ms)[22m 
[2m01:41:42[22m   [34m├─[39m [2m/og/march-15.png[22m [2m(+349ms)[22m 
[2m01:41:42[22m   [34m├─[39m [2m/og/march-16.png[22m [2m(+323ms)[22m 
[2m01:41:42[22m   [34m├─[39m [2m/og/march-17.png[22m [2m(+319ms)[22m 
[2m01:41:43[22m   [34m├─[39m [2m/og/march-18.png[22m [2m(+320ms)[22m 
[2m01:41:43[22m   [34m├─[39m [2m/og/march-19.png[22m [2m(+333ms)[22m 
[2m01:41:43[22m   [34m├─[39m [2m/og/march-20.png[22m [2m(+320ms)[22m 
[2m01:41:44[22m   [34m├─[39m [2m/og/march-21.png[22m [2m(+321ms)[22m 
[2m01:41:44[22m   [34m├─[39m [2m/og/march-22.png[22m [2m(+317ms)[22m 
[2m01:41:44[22m   [34m├─[39m [2m/og/march-23.png[22m [2m(+328ms)[22m 
[2m01:41:45[22m   [34m├─[39m [2m/og/march-24.png[22m [2m(+333ms)[22m 
[2m01:41:45[22m   [34m├─[39m [2m/og/march-25.png[22m [2m(+325ms)[22m 
[2m01:41:45[22m   [34m├─[39m [2m/og/march-26.png[22m [2m(+317ms)[22m 
[2m01:41:46[22m   [34m├─[39m [2m/og/march-27.png[22m [2m(+327ms)[22m 
[2m01:41:46[22m   [34m├─[39m [2m/og/march-28.png[22m [2m(+339ms)[22m 
[2m01:41:46[22m   [34m├─[39m [2m/og/march-29.png[22m [2m(+318ms)[22m 
[2m01:41:47[22m   [34m├─[39m [2m/og/march-30.png[22m [2m(+321ms)[22m 
[2m01:41:47[22m   [34m├─[39m [2m/og/march-31.png[22m [2m(+363ms)[22m 
[2m01:41:47[22m   [34m├─[39m [2m/og/april-1.png[22m [2m(+341ms)[22m 
[2m01:41:48[22m   [34m├─[39m [2m/og/april-2.png[22m [2m(+341ms)[22m 
[2m01:41:48[22m   [34m├─[39m [2m/og/april-3.png[22m [2m(+333ms)[22m 
[2m01:41:48[22m   [34m├─[39m [2m/og/april-4.png[22m [2m(+326ms)[22m 
[2m01:41:49[22m   [34m├─[39m [2m/og/april-5.png[22m [2m(+348ms)[22m 
[2m01:41:49[22m   [34m├─[39m [2m/og/april-6.png[22m [2m(+338ms)[22m 
[2m01:41:49[22m   [34m├─[39m [2m/og/april-7.png[22m [2m(+318ms)[22m 
[2m01:41:50[22m   [34m├─[39m [2m/og/april-8.png[22m [2m(+360ms)[22m 
[2m01:41:50[22m   [34m├─[39m [2m/og/april-9.png[22m [2m(+331ms)[22m 
[2m01:41:50[22m   [34m├─[39m [2m/og/april-10.png[22m [2m(+313ms)[22m 
[2m01:41:51[22m   [34m├─[39m [2m/og/april-11.png[22m [2m(+316ms)[22m 
[2m01:41:51[22m   [34m├─[39m [2m/og/april-12.png[22m [2m(+318ms)[22m 
[2m01:41:51[22m   [34m├─[39m [2m/og/april-13.png[22m [2m(+336ms)[22m 
[2m01:41:52[22m   [34m├─[39m [2m/og/april-14.png[22m [2m(+317ms)[22m 
[2m01:41:52[22m   [34m├─[39m [2m/og/april-15.png[22m [2m(+314ms)[22m 
[2m01:41:52[22m   [34m├─[39m [2m/og/april-16.png[22m [2m(+371ms)[22m 
[2m01:41:53[22m   [34m├─[39m [2m/og/april-17.png[22m [2m(+385ms)[22m 
[2m01:41:53[22m   [34m├─[39m [2m/og/april-18.png[22m [2m(+325ms)[22m 
[2m01:41:53[22m   [34m├─[39m [2m/og/april-19.png[22m [2m(+322ms)[22m 
[2m01:41:54[22m   [34m├─[39m [2m/og/april-20.png[22m [2m(+321ms)[22m 
[2m01:41:54[22m   [34m├─[39m [2m/og/april-21.png[22m [2m(+331ms)[22m 
[2m01:41:54[22m   [34m├─[39m [2m/og/april-22.png[22m [2m(+312ms)[22m 
[2m01:41:55[22m   [34m├─[39m [2m/og/april-23.png[22m [2m(+334ms)[22m 
[2m01:41:55[22m   [34m├─[39m [2m/og/april-24.png[22m [31m(+516ms)[39m 
[2m01:41:55[22m   [34m├─[39m [2m/og/april-25.png[22m [2m(+343ms)[22m 
[2m01:41:56[22m   [34m├─[39m [2m/og/april-26.png[22m [2m(+359ms)[22m 
[2m01:41:56[22m   [34m├─[39m [2m/og/april-27.png[22m [2m(+333ms)[22m 
[2m01:41:56[22m   [34m├─[39m [2m/og/april-28.png[22m [2m(+363ms)[22m 
[2m01:41:57[22m   [34m├─[39m [2m/og/april-29.png[22m [2m(+376ms)[22m 
[2m01:41:57[22m   [34m├─[39m [2m/og/april-30.png[22m [2m(+336ms)[22m 
[2m01:41:58[22m   [34m├─[39m [2m/og/may-1.png[22m [2m(+403ms)[22m 
[2m01:41:58[22m   [34m├─[39m [2m/og/may-2.png[22m [2m(+373ms)[22m 
[2m01:41:58[22m   [34m├─[39m [2m/og/may-3.png[22m [2m(+334ms)[22m 
[2m01:41:59[22m   [34m├─[39m [2m/og/may-4.png[22m [2m(+328ms)[22m 
[2m01:41:59[22m   [34m├─[39m [2m/og/may-5.png[22m [2m(+358ms)[22m 
[2m01:41:59[22m   [34m├─[39m [2m/og/may-6.png[22m [2m(+358ms)[22m 
[2m01:42:00[22m   [34m├─[39m [2m/og/may-7.png[22m [2m(+357ms)[22m 
[2m01:42:00[22m   [34m├─[39m [2m/og/may-8.png[22m [2m(+364ms)[22m 
[2m01:42:00[22m   [34m├─[39m [2m/og/may-9.png[22m [2m(+355ms)[22m 
[2m01:42:01[22m   [34m├─[39m [2m/og/may-10.png[22m [2m(+378ms)[22m 
[2m01:42:01[22m   [34m├─[39m [2m/og/may-11.png[22m [2m(+372ms)[22m 
[2m01:42:01[22m   [34m├─[39m [2m/og/may-12.png[22m [2m(+358ms)[22m 
[2m01:42:02[22m   [34m├─[39m [2m/og/may-13.png[22m [2m(+383ms)[22m 
[2m01:42:02[22m   [34m├─[39m [2m/og/may-14.png[22m [2m(+362ms)[22m 
[2m01:42:03[22m   [34m├─[39m [2m/og/may-15.png[22m [2m(+334ms)[22m 
[2m01:42:03[22m   [34m├─[39m [2m/og/may-16.png[22m [2m(+346ms)[22m 
[2m01:42:03[22m   [34m├─[39m [2m/og/may-17.png[22m [2m(+342ms)[22m 
[2m01:42:04[22m   [34m├─[39m [2m/og/may-18.png[22m [2m(+340ms)[22m 
[2m01:42:04[22m   [34m├─[39m [2m/og/may-19.png[22m [2m(+383ms)[22m 
[2m01:42:04[22m   [34m├─[39m [2m/og/may-20.png[22m [2m(+344ms)[22m 
[2m01:42:05[22m   [34m├─[39m [2m/og/may-21.png[22m [2m(+356ms)[22m 
[2m01:42:05[22m   [34m├─[39m [2m/og/may-22.png[22m [2m(+338ms)[22m 
[2m01:42:05[22m   [34m├─[39m [2m/og/may-23.png[22m [2m(+346ms)[22m 
[2m01:42:06[22m   [34m├─[39m [2m/og/may-24.png[22m [2m(+338ms)[22m 
[2m01:42:06[22m   [34m├─[39m [2m/og/may-25.png[22m [2m(+351ms)[22m 
[2m01:42:06[22m   [34m├─[39m [2m/og/may-26.png[22m [2m(+326ms)[22m 
[2m01:42:07[22m   [34m├─[39m [2m/og/may-27.png[22m [2m(+324ms)[22m 
[2m01:42:07[22m   [34m├─[39m [2m/og/may-28.png[22m [2m(+331ms)[22m 
[2m01:42:07[22m   [34m├─[39m [2m/og/may-29.png[22m [2m(+334ms)[22m 
[2m01:42:08[22m   [34m├─[39m [2m/og/may-30.png[22m [2m(+332ms)[22m 
[2m01:42:08[22m   [34m├─[39m [2m/og/may-31.png[22m [2m(+364ms)[22m 
[2m01:42:08[22m   [34m├─[39m [2m/og/june-1.png[22m [2m(+362ms)[22m 
[2m01:42:09[22m   [34m├─[39m [2m/og/june-2.png[22m [2m(+458ms)[22m 
[2m01:42:09[22m   [34m├─[39m [2m/og/june-3.png[22m [2m(+435ms)[22m 
[2m01:42:10[22m   [34m├─[39m [2m/og/june-4.png[22m [2m(+368ms)[22m 
[2m01:42:10[22m   [34m├─[39m [2m/og/june-5.png[22m [2m(+396ms)[22m 
[2m01:42:10[22m   [34m├─[39m [2m/og/june-6.png[22m [2m(+385ms)[22m 
[2m01:42:11[22m   [34m├─[39m [2m/og/june-7.png[22m [2m(+491ms)[22m 
[2m01:42:11[22m   [34m├─[39m [2m/og/june-8.png[22m [31m(+503ms)[39m 
[2m01:42:12[22m   [34m├─[39m [2m/og/june-9.png[22m [2m(+421ms)[22m 
[2m01:42:12[22m   [34m├─[39m [2m/og/june-10.png[22m [2m(+380ms)[22m 
[2m01:42:13[22m   [34m├─[39m [2m/og/june-11.png[22m [2m(+374ms)[22m 
[2m01:42:13[22m   [34m├─[39m [2m/og/june-12.png[22m [2m(+390ms)[22m 
[2m01:42:13[22m   [34m├─[39m [2m/og/june-13.png[22m [2m(+349ms)[22m 
[2m01:42:14[22m   [34m├─[39m [2m/og/june-14.png[22m [2m(+356ms)[22m 
[2m01:42:14[22m   [34m├─[39m [2m/og/june-15.png[22m [2m(+400ms)[22m 
[2m01:42:14[22m   [34m├─[39m [2m/og/june-16.png[22m [2m(+408ms)[22m 
[2m01:42:15[22m   [34m├─[39m [2m/og/june-17.png[22m [2m(+370ms)[22m 
[2m01:42:15[22m   [34m├─[39m [2m/og/june-18.png[22m [2m(+334ms)[22m 
[2m01:42:16[22m   [34m├─[39m [2m/og/june-19.png[22m [2m(+358ms)[22m 
[2m01:42:16[22m   [34m├─[39m [2m/og/june-20.png[22m [2m(+329ms)[22m 
[2m01:42:16[22m   [34m├─[39m [2m/og/june-21.png[22m [2m(+335ms)[22m 
[2m01:42:17[22m   [34m├─[39m [2m/og/june-22.png[22m [2m(+329ms)[22m 
[2m01:42:17[22m   [34m├─[39m [2m/og/june-23.png[22m [2m(+350ms)[22m 
[2m01:42:17[22m   [34m├─[39m [2m/og/june-24.png[22m [2m(+337ms)[22m 
[2m01:42:18[22m   [34m├─[39m [2m/og/june-25.png[22m [2m(+328ms)[22m 
[2m01:42:18[22m   [34m├─[39m [2m/og/june-26.png[22m [2m(+336ms)[22m 
[2m01:42:18[22m   [34m├─[39m [2m/og/june-27.png[22m [2m(+344ms)[22m 
[2m01:42:19[22m   [34m├─[39m [2m/og/june-28.png[22m [2m(+330ms)[22m 
[2m01:42:19[22m   [34m├─[39m [2m/og/june-29.png[22m [2m(+329ms)[22m 
[2m01:42:19[22m   [34m├─[39m [2m/og/june-30.png[22m [2m(+335ms)[22m 
[2m01:42:20[22m   [34m├─[39m [2m/og/july-1.png[22m [2m(+332ms)[22m 
[2m01:42:20[22m   [34m├─[39m [2m/og/july-2.png[22m [2m(+339ms)[22m 
[2m01:42:20[22m   [34m├─[39m [2m/og/july-3.png[22m [2m(+318ms)[22m 
[2m01:42:21[22m   [34m├─[39m [2m/og/july-4.png[22m [2m(+316ms)[22m 
[2m01:42:21[22m   [34m├─[39m [2m/og/july-5.png[22m [2m(+380ms)[22m 
[2m01:42:21[22m   [34m├─[39m [2m/og/july-6.png[22m [2m(+332ms)[22m 
[2m01:42:22[22m   [34m├─[39m [2m/og/july-7.png[22m [2m(+323ms)[22m 
[2m01:42:22[22m   [34m├─[39m [2m/og/july-8.png[22m [2m(+319ms)[22m 
[2m01:42:22[22m   [34m├─[39m [2m/og/july-9.png[22m [2m(+329ms)[22m 
[2m01:42:23[22m   [34m├─[39m [2m/og/july-10.png[22m [2m(+331ms)[22m 
[2m01:42:23[22m   [34m├─[39m [2m/og/july-11.png[22m [2m(+323ms)[22m 
[2m01:42:23[22m   [34m├─[39m [2m/og/july-12.png[22m [2m(+328ms)[22m 
[2m01:42:24[22m   [34m├─[39m [2m/og/july-13.png[22m [2m(+325ms)[22m 
[2m01:42:24[22m   [34m├─[39m [2m/og/july-14.png[22m [2m(+335ms)[22m 
[2m01:42:24[22m   [34m├─[39m [2m/og/july-15.png[22m [2m(+317ms)[22m 
[2m01:42:25[22m   [34m├─[39m [2m/og/july-16.png[22m [2m(+318ms)[22m 
[2m01:42:25[22m   [34m├─[39m [2m/og/july-17.png[22m [2m(+329ms)[22m 
[2m01:42:25[22m   [34m├─[39m [2m/og/july-18.png[22m [2m(+340ms)[22m 
[2m01:42:26[22m   [34m├─[39m [2m/og/july-19.png[22m [2m(+318ms)[22m 
[2m01:42:26[22m   [34m├─[39m [2m/og/july-20.png[22m [2m(+324ms)[22m 
[2m01:42:26[22m   [34m├─[39m [2m/og/july-21.png[22m [2m(+326ms)[22m 
[2m01:42:27[22m   [34m├─[39m [2m/og/july-22.png[22m [2m(+342ms)[22m 
[2m01:42:27[22m   [34m├─[39m [2m/og/july-23.png[22m [2m(+334ms)[22m 
[2m01:42:27[22m   [34m├─[39m [2m/og/july-24.png[22m [2m(+321ms)[22m 
[2m01:42:28[22m   [34m├─[39m [2m/og/july-25.png[22m [2m(+337ms)[22m 
[2m01:42:28[22m   [34m├─[39m [2m/og/july-26.png[22m [2m(+345ms)[22m 
[2m01:42:28[22m   [34m├─[39m [2m/og/july-27.png[22m [2m(+321ms)[22m 
[2m01:42:29[22m   [34m├─[39m [2m/og/july-28.png[22m [2m(+327ms)[22m 
[2m01:42:29[22m   [34m├─[39m [2m/og/july-29.png[22m [2m(+318ms)[22m 
[2m01:42:29[22m   [34m├─[39m [2m/og/july-30.png[22m [2m(+334ms)[22m 
[2m01:42:30[22m   [34m├─[39m [2m/og/july-31.png[22m [2m(+331ms)[22m 
[2m01:42:30[22m   [34m├─[39m [2m/og/august-1.png[22m [2m(+324ms)[22m 
[2m01:42:30[22m   [34m├─[39m [2m/og/august-2.png[22m [2m(+327ms)[22m 
[2m01:42:31[22m   [34m├─[39m [2m/og/august-3.png[22m [2m(+334ms)[22m 
[2m01:42:31[22m   [34m├─[39m [2m/og/august-4.png[22m [2m(+341ms)[22m 
[2m01:42:31[22m   [34m├─[39m [2m/og/august-5.png[22m [2m(+373ms)[22m 
[2m01:42:32[22m   [34m├─[39m [2m/og/august-6.png[22m [2m(+319ms)[22m 
[2m01:42:32[22m   [34m├─[39m [2m/og/august-7.png[22m [2m(+339ms)[22m 
[2m01:42:32[22m   [34m├─[39m [2m/og/august-8.png[22m [2m(+326ms)[22m 
[2m01:42:33[22m   [34m├─[39m [2m/og/august-9.png[22m [2m(+324ms)[22m 
[2m01:42:33[22m   [34m├─[39m [2m/og/august-10.png[22m [2m(+316ms)[22m 
[2m01:42:33[22m   [34m├─[39m [2m/og/august-11.png[22m [2m(+346ms)[22m 
[2m01:42:34[22m   [34m├─[39m [2m/og/august-12.png[22m [2m(+330ms)[22m 
[2m01:42:34[22m   [34m├─[39m [2m/og/august-13.png[22m [2m(+313ms)[22m 
[2m01:42:34[22m   [34m├─[39m [2m/og/august-14.png[22m [2m(+322ms)[22m 
[2m01:42:35[22m   [34m├─[39m [2m/og/august-15.png[22m [2m(+318ms)[22m 
[2m01:42:35[22m   [34m├─[39m [2m/og/august-16.png[22m [2m(+338ms)[22m 
[2m01:42:35[22m   [34m├─[39m [2m/og/august-17.png[22m [2m(+328ms)[22m 
[2m01:42:35[22m   [34m├─[39m [2m/og/august-18.png[22m [2m(+335ms)[22m 
[2m01:42:36[22m   [34m├─[39m [2m/og/august-19.png[22m [2m(+330ms)[22m 
[2m01:42:36[22m   [34m├─[39m [2m/og/august-20.png[22m [2m(+343ms)[22m 
[2m01:42:36[22m   [34m├─[39m [2m/og/august-21.png[22m [2m(+323ms)[22m 
[2m01:42:37[22m   [34m├─[39m [2m/og/august-22.png[22m [2m(+322ms)[22m 
[2m01:42:37[22m   [34m├─[39m [2m/og/august-23.png[22m [2m(+327ms)[22m 
[2m01:42:37[22m   [34m├─[39m [2m/og/august-24.png[22m [2m(+340ms)[22m 
[2m01:42:38[22m   [34m├─[39m [2m/og/august-25.png[22m [2m(+319ms)[22m 
[2m01:42:38[22m   [34m├─[39m [2m/og/august-26.png[22m [2m(+324ms)[22m 
[2m01:42:38[22m   [34m├─[39m [2m/og/august-27.png[22m [2m(+320ms)[22m 
[2m01:42:39[22m   [34m├─[39m [2m/og/august-28.png[22m [2m(+333ms)[22m 
[2m01:42:39[22m   [34m├─[39m [2m/og/august-29.png[22m [2m(+348ms)[22m 
[2m01:42:39[22m   [34m├─[39m [2m/og/august-30.png[22m [2m(+327ms)[22m 
[2m01:42:40[22m   [34m├─[39m [2m/og/august-31.png[22m [2m(+325ms)[22m 
[2m01:42:40[22m   [34m├─[39m [2m/og/september-1.png[22m [2m(+332ms)[22m 
[2m01:42:40[22m   [34m├─[39m [2m/og/september-2.png[22m [2m(+335ms)[22m 
[2m01:42:41[22m   [34m├─[39m [2m/og/september-3.png[22m [2m(+374ms)[22m 
[2m01:42:41[22m   [34m├─[39m [2m/og/september-4.png[22m [2m(+325ms)[22m 
[2m01:42:41[22m   [34m├─[39m [2m/og/september-5.png[22m [2m(+355ms)[22m 
[2m01:42:42[22m   [34m├─[39m [2m/og/september-6.png[22m [2m(+345ms)[22m 
[2m01:42:42[22m   [34m├─[39m [2m/og/september-7.png[22m [2m(+345ms)[22m 
[2m01:42:43[22m   [34m├─[39m [2m/og/september-8.png[22m [2m(+342ms)[22m 
[2m01:42:43[22m   [34m├─[39m [2m/og/september-9.png[22m [2m(+354ms)[22m 
[2m01:42:43[22m   [34m├─[39m [2m/og/september-10.png[22m [2m(+333ms)[22m 
[2m01:42:44[22m   [34m├─[39m [2m/og/september-11.png[22m [2m(+328ms)[22m 
[2m01:42:44[22m   [34m├─[39m [2m/og/september-12.png[22m [2m(+329ms)[22m 
[2m01:42:44[22m   [34m├─[39m [2m/og/september-13.png[22m [2m(+340ms)[22m 
[2m01:42:45[22m   [34m├─[39m [2m/og/september-14.png[22m [2m(+334ms)[22m 
[2m01:42:45[22m   [34m├─[39m [2m/og/september-15.png[22m [2m(+333ms)[22m 
[2m01:42:45[22m   [34m├─[39m [2m/og/september-16.png[22m [2m(+401ms)[22m 
[2m01:42:46[22m   [34m├─[39m [2m/og/september-17.png[22m [2m(+354ms)[22m 
[2m01:42:46[22m   [34m├─[39m [2m/og/september-18.png[22m [2m(+342ms)[22m 
[2m01:42:46[22m   [34m├─[39m [2m/og/september-19.png[22m [2m(+392ms)[22m 
[2m01:42:47[22m   [34m├─[39m [2m/og/september-20.png[22m [2m(+329ms)[22m 
[2m01:42:47[22m   [34m├─[39m [2m/og/september-21.png[22m [2m(+352ms)[22m 
[2m01:42:47[22m   [34m├─[39m [2m/og/september-22.png[22m [2m(+330ms)[22m 
[2m01:42:48[22m   [34m├─[39m [2m/og/september-23.png[22m [2m(+332ms)[22m 
[2m01:42:48[22m   [34m├─[39m [2m/og/september-24.png[22m [2m(+323ms)[22m 
[2m01:42:48[22m   [34m├─[39m [2m/og/september-25.png[22m [2m(+354ms)[22m 
[2m01:42:49[22m   [34m├─[39m [2m/og/september-26.png[22m [2m(+332ms)[22m 
[2m01:42:49[22m   [34m├─[39m [2m/og/september-27.png[22m [2m(+338ms)[22m 
[2m01:42:49[22m   [34m├─[39m [2m/og/september-28.png[22m [2m(+324ms)[22m 
[2m01:42:50[22m   [34m├─[39m [2m/og/september-29.png[22m [2m(+343ms)[22m 
[2m01:42:50[22m   [34m├─[39m [2m/og/september-30.png[22m [2m(+339ms)[22m 
[2m01:42:50[22m   [34m├─[39m [2m/og/october-1.png[22m [2m(+324ms)[22m 
[2m01:42:51[22m   [34m├─[39m [2m/og/october-2.png[22m [2m(+322ms)[22m 
[2m01:42:51[22m   [34m├─[39m [2m/og/october-3.png[22m [2m(+349ms)[22m 
[2m01:42:51[22m   [34m├─[39m [2m/og/october-4.png[22m [2m(+325ms)[22m 
[2m01:42:52[22m   [34m├─[39m [2m/og/october-5.png[22m [2m(+328ms)[22m 
[2m01:42:52[22m   [34m├─[39m [2m/og/october-6.png[22m [2m(+341ms)[22m 
[2m01:42:52[22m   [34m├─[39m [2m/og/october-7.png[22m [2m(+348ms)[22m 
[2m01:42:53[22m   [34m├─[39m [2m/og/october-8.png[22m [2m(+331ms)[22m 
[2m01:42:53[22m   [34m├─[39m [2m/og/october-9.png[22m [2m(+323ms)[22m 
[2m01:42:53[22m   [34m├─[39m [2m/og/october-10.png[22m [2m(+328ms)[22m 
[2m01:42:54[22m   [34m├─[39m [2m/og/october-11.png[22m [2m(+332ms)[22m 
[2m01:42:54[22m   [34m├─[39m [2m/og/october-12.png[22m [2m(+337ms)[22m 
[2m01:42:54[22m   [34m├─[39m [2m/og/october-13.png[22m [2m(+381ms)[22m 
[2m01:42:55[22m   [34m├─[39m [2m/og/october-14.png[22m [2m(+333ms)[22m 
[2m01:42:55[22m   [34m├─[39m [2m/og/october-15.png[22m [2m(+345ms)[22m 
[2m01:42:55[22m   [34m├─[39m [2m/og/october-16.png[22m [2m(+338ms)[22m 
[2m01:42:56[22m   [34m├─[39m [2m/og/october-17.png[22m [2m(+345ms)[22m 
[2m01:42:56[22m   [34m├─[39m [2m/og/october-18.png[22m [2m(+330ms)[22m 
[2m01:42:56[22m   [34m├─[39m [2m/og/october-19.png[22m [2m(+338ms)[22m 
[2m01:42:57[22m   [34m├─[39m [2m/og/october-20.png[22m [2m(+335ms)[22m 
[2m01:42:57[22m   [34m├─[39m [2m/og/october-21.png[22m [2m(+429ms)[22m 
[2m01:42:58[22m   [34m├─[39m [2m/og/october-22.png[22m [2m(+325ms)[22m 
[2m01:42:58[22m   [34m├─[39m [2m/og/october-23.png[22m [2m(+358ms)[22m 
[2m01:42:58[22m   [34m├─[39m [2m/og/october-24.png[22m [2m(+337ms)[22m 
[2m01:42:59[22m   [34m├─[39m [2m/og/october-25.png[22m [2m(+328ms)[22m 
[2m01:42:59[22m   [34m├─[39m [2m/og/october-26.png[22m [2m(+336ms)[22m 
[2m01:42:59[22m   [34m├─[39m [2m/og/october-27.png[22m [2m(+356ms)[22m 
[2m01:43:00[22m   [34m├─[39m [2m/og/october-28.png[22m [2m(+331ms)[22m 
[2m01:43:00[22m   [34m├─[39m [2m/og/october-29.png[22m [2m(+330ms)[22m 
[2m01:43:00[22m   [34m├─[39m [2m/og/october-30.png[22m [2m(+335ms)[22m 
[2m01:43:01[22m   [34m├─[39m [2m/og/october-31.png[22m [2m(+347ms)[22m 
[2m01:43:01[22m   [34m├─[39m [2m/og/november-1.png[22m [2m(+332ms)[22m 
[2m01:43:01[22m   [34m├─[39m [2m/og/november-2.png[22m [2m(+331ms)[22m 
[2m01:43:02[22m   [34m├─[39m [2m/og/november-3.png[22m [2m(+329ms)[22m 
[2m01:43:02[22m   [34m├─[39m [2m/og/november-4.png[22m [2m(+346ms)[22m 
[2m01:43:02[22m   [34m├─[39m [2m/og/november-5.png[22m [2m(+331ms)[22m 
[2m01:43:03[22m   [34m├─[39m [2m/og/november-6.png[22m [2m(+327ms)[22m 
[2m01:43:03[22m   [34m├─[39m [2m/og/november-7.png[22m [2m(+325ms)[22m 
[2m01:43:03[22m   [34m├─[39m [2m/og/november-8.png[22m [2m(+345ms)[22m 
[2m01:43:04[22m   [34m├─[39m [2m/og/november-9.png[22m [2m(+339ms)[22m 
[2m01:43:04[22m   [34m├─[39m [2m/og/november-10.png[22m [2m(+331ms)[22m 
[2m01:43:04[22m   [34m├─[39m [2m/og/november-11.png[22m [2m(+342ms)[22m 
[2m01:43:05[22m   [34m├─[39m [2m/og/november-12.png[22m [2m(+343ms)[22m 
[2m01:43:05[22m   [34m├─[39m [2m/og/november-13.png[22m [2m(+359ms)[22m 
[2m01:43:05[22m   [34m├─[39m [2m/og/november-14.png[22m [2m(+358ms)[22m 
[2m01:43:06[22m   [34m├─[39m [2m/og/november-15.png[22m [2m(+337ms)[22m 
[2m01:43:06[22m   [34m├─[39m [2m/og/november-16.png[22m [2m(+358ms)[22m 
[2m01:43:06[22m   [34m├─[39m [2m/og/november-17.png[22m [2m(+339ms)[22m 
[2m01:43:07[22m   [34m├─[39m [2m/og/november-18.png[22m [2m(+335ms)[22m 
[2m01:43:07[22m   [34m├─[39m [2m/og/november-19.png[22m [2m(+336ms)[22m 
[2m01:43:07[22m   [34m├─[39m [2m/og/november-20.png[22m [2m(+351ms)[22m 
[2m01:43:08[22m   [34m├─[39m [2m/og/november-21.png[22m [2m(+349ms)[22m 
[2m01:43:08[22m   [34m├─[39m [2m/og/november-22.png[22m [2m(+341ms)[22m 
[2m01:43:08[22m   [34m├─[39m [2m/og/november-23.png[22m [2m(+373ms)[22m 
[2m01:43:09[22m   [34m├─[39m [2m/og/november-24.png[22m [31m(+523ms)[39m 
[2m01:43:09[22m   [34m├─[39m [2m/og/november-25.png[22m [2m(+421ms)[22m 
[2m01:43:10[22m   [34m├─[39m [2m/og/november-26.png[22m [2m(+365ms)[22m 
[2m01:43:10[22m   [34m├─[39m [2m/og/november-27.png[22m [2m(+354ms)[22m 
[2m01:43:10[22m   [34m├─[39m [2m/og/november-28.png[22m [2m(+333ms)[22m 
[2m01:43:11[22m   [34m├─[39m [2m/og/november-29.png[22m [2m(+328ms)[22m 
[2m01:43:11[22m   [34m├─[39m [2m/og/november-30.png[22m [2m(+317ms)[22m 
[2m01:43:11[22m   [34m├─[39m [2m/og/december-1.png[22m [2m(+340ms)[22m 
[2m01:43:12[22m   [34m├─[39m [2m/og/december-2.png[22m [2m(+340ms)[22m 
[2m01:43:12[22m   [34m├─[39m [2m/og/december-3.png[22m [2m(+346ms)[22m 
[2m01:43:12[22m   [34m├─[39m [2m/og/december-4.png[22m [2m(+342ms)[22m 
[2m01:43:13[22m   [34m├─[39m [2m/og/december-5.png[22m [2m(+331ms)[22m 
[2m01:43:13[22m   [34m├─[39m [2m/og/december-6.png[22m [2m(+338ms)[22m 
[2m01:43:13[22m   [34m├─[39m [2m/og/december-7.png[22m [2m(+321ms)[22m 
[2m01:43:14[22m   [34m├─[39m [2m/og/december-8.png[22m [2m(+328ms)[22m 
[2m01:43:14[22m   [34m├─[39m [2m/og/december-9.png[22m [2m(+336ms)[22m 
[2m01:43:14[22m   [34m├─[39m [2m/og/december-10.png[22m [2m(+340ms)[22m 
[2m01:43:15[22m   [34m├─[39m [2m/og/december-11.png[22m [2m(+332ms)[22m 
[2m01:43:15[22m   [34m├─[39m [2m/og/december-12.png[22m [2m(+323ms)[22m 
[2m01:43:15[22m   [34m├─[39m [2m/og/december-13.png[22m [2m(+407ms)[22m 
[2m01:43:16[22m   [34m├─[39m [2m/og/december-14.png[22m [2m(+358ms)[22m 
[2m01:43:16[22m   [34m├─[39m [2m/og/december-15.png[22m [2m(+322ms)[22m 
[2m01:43:17[22m   [34m├─[39m [2m/og/december-16.png[22m [2m(+343ms)[22m 
[2m01:43:17[22m   [34m├─[39m [2m/og/december-17.png[22m [2m(+331ms)[22m 
[2m01:43:17[22m   [34m├─[39m [2m/og/december-18.png[22m [2m(+337ms)[22m 
[2m01:43:18[22m   [34m├─[39m [2m/og/december-19.png[22m [2m(+335ms)[22m 
[2m01:43:18[22m   [34m├─[39m [2m/og/december-20.png[22m [2m(+316ms)[22m 
[2m01:43:18[22m   [34m├─[39m [2m/og/december-21.png[22m [2m(+330ms)[22m 
[2m01:43:19[22m   [34m├─[39m [2m/og/december-22.png[22m [2m(+357ms)[22m 
[2m01:43:19[22m   [34m├─[39m [2m/og/december-23.png[22m [2m(+328ms)[22m 
[2m01:43:19[22m   [34m├─[39m [2m/og/december-24.png[22m [2m(+326ms)[22m 
[2m01:43:20[22m   [34m├─[39m [2m/og/december-25.png[22m [2m(+336ms)[22m 
[2m01:43:20[22m   [34m├─[39m [2m/og/december-26.png[22m [2m(+339ms)[22m 
[2m01:43:20[22m   [34m├─[39m [2m/og/december-27.png[22m [2m(+324ms)[22m 
[2m01:43:21[22m   [34m├─[39m [2m/og/december-28.png[22m [2m(+336ms)[22m 
[2m01:43:21[22m   [34m├─[39m [2m/og/december-29.png[22m [2m(+333ms)[22m 
[2m01:43:21[22m   [34m├─[39m [2m/og/december-30.png[22m [2m(+327ms)[22m 
[2m01:43:22[22m   [34m├─[39m [2m/og/december-31.png[22m [2m(+326ms)[22m 
[2m01:43:22[22m   [34m├─[39m [2m/og/january.png[22m [2m(+324ms)[22m 
[2m01:43:22[22m   [34m├─[39m [2m/og/february.png[22m [2m(+329ms)[22m 
[2m01:43:23[22m   [34m├─[39m [2m/og/march.png[22m [2m(+341ms)[22m 
[2m01:43:23[22m   [34m├─[39m [2m/og/april.png[22m [2m(+322ms)[22m 
[2m01:43:23[22m   [34m├─[39m [2m/og/may.png[22m [2m(+322ms)[22m 
[2m01:43:24[22m   [34m├─[39m [2m/og/june.png[22m [2m(+327ms)[22m 
[2m01:43:24[22m   [34m├─[39m [2m/og/july.png[22m [2m(+351ms)[22m 
[2m01:43:24[22m   [34m├─[39m [2m/og/august.png[22m [2m(+324ms)[22m 
[2m01:43:25[22m   [34m├─[39m [2m/og/september.png[22m [2m(+329ms)[22m 
[2m01:43:25[22m   [34m├─[39m [2m/og/october.png[22m [2m(+328ms)[22m 
[2m01:43:25[22m   [34m├─[39m [2m/og/november.png[22m [2m(+347ms)[22m 
[2m01:43:26[22m   [34m├─[39m [2m/og/december.png[22m [2m(+341ms)[22m 
[2m01:43:26[22m   [34m├─[39m [2m/og/home.png[22m [2m(+335ms)[22m 
[2m01:43:26[22m   [34m└─[39m [2m/og/logo.png[22m [2m(+257ms)[22m 
[2m01:43:26[22m [32m▶[39m src/pages/privacy.astro
[2m01:43:26[22m   [34m└─[39m [2m/privacy/index.html[22m [2m(+18ms)[22m 
[2m01:43:26[22m [32m▶[39m src/pages/quiz.astro
[2m01:43:26[22m   [34m└─[39m [2m/quiz/index.html[22m [2m(+52ms)[22m 
[2m01:43:27[22m [32m▶[39m src/pages/share.astro
[2m01:43:27[22m   [34m└─[39m [2m/share/index.html[22m [2m(+29ms)[22m 
[2m01:43:27[22m [32m▶[39m src/pages/[slug].astro
[2m01:43:27[22m   [34m├─[39m [2m/january-1/index.html[22m [2m(+46ms)[22m 
[2m01:43:27[22m   [34m├─[39m [2m/january-2/index.html[22m [2m(+31ms)[22m 
[2m01:43:27[22m   [34m├─[39m [2m/january-3/index.html[22m [2m(+30ms)[22m 
[2m01:43:27[22m   [34m├─[39m [2m/january-4/index.html[22m [2m(+27ms)[22m 
[2m01:43:27[22m   [34m├─[39m [2m/january-5/index.html[22m [2m(+23ms)[22m 
[2m01:43:27[22m   [34m├─[39m [2m/january-6/index.html[22m [2m(+22ms)[22m 
[2m01:43:27[22m   [34m├─[39m [2m/january-7/index.html[22m [2m(+22ms)[22m 
[2m01:43:27[22m   [34m├─[39m [2m/january-8/index.html[22m [2m(+25ms)[22m 
[2m01:43:27[22m   [34m├─[39m [2m/january-9/index.html[22m [2m(+23ms)[22m 
[2m01:43:27[22m   [34m├─[39m [2m/january-10/index.html[22m [2m(+25ms)[22m 
[2m01:43:27[22m   [34m├─[39m [2m/january-11/index.html[22m [2m(+22ms)[22m 
[2m01:43:27[22m   [34m├─[39m [2m/january-12/index.html[22m [2m(+22ms)[22m 
[2m01:43:27[22m   [34m├─[39m [2m/january-13/index.html[22m [2m(+22ms)[22m 
[2m01:43:27[22m   [34m├─[39m [2m/january-14/index.html[22m [2m(+24ms)[22m 
[2m01:43:27[22m   [34m├─[39m [2m/january-15/index.html[22m [2m(+23ms)[22m 
[2m01:43:27[22m   [34m├─[39m [2m/january-16/index.html[22m [2m(+22ms)[22m 
[2m01:43:27[22m   [34m├─[39m [2m/january-17/index.html[22m [2m(+23ms)[22m 
[2m01:43:27[22m   [34m├─[39m [2m/january-18/index.html[22m [2m(+22ms)[22m 
[2m01:43:27[22m   [34m├─[39m [2m/january-19/index.html[22m [2m(+23ms)[22m 
[2m01:43:27[22m   [34m├─[39m [2m/january-20/index.html[22m [2m(+22ms)[22m 
[2m01:43:27[22m   [34m├─[39m [2m/january-21/index.html[22m [2m(+23ms)[22m 
[2m01:43:27[22m   [34m├─[39m [2m/january-22/index.html[22m [2m(+24ms)[22m 
[2m01:43:27[22m   [34m├─[39m [2m/january-23/index.html[22m [2m(+21ms)[22m 
[2m01:43:27[22m   [34m├─[39m [2m/january-24/index.html[22m [2m(+22ms)[22m 
[2m01:43:27[22m   [34m├─[39m [2m/january-25/index.html[22m [2m(+23ms)[22m 
[2m01:43:27[22m   [34m├─[39m [2m/january-26/index.html[22m [2m(+23ms)[22m 
[2m01:43:27[22m   [34m├─[39m [2m/january-27/index.html[22m [2m(+22ms)[22m 
[2m01:43:27[22m   [34m├─[39m [2m/january-28/index.html[22m [2m(+23ms)[22m 
[2m01:43:27[22m   [34m├─[39m [2m/january-29/index.html[22m [2m(+22ms)[22m 
[2m01:43:27[22m   [34m├─[39m [2m/january-30/index.html[22m [2m(+23ms)[22m 
[2m01:43:27[22m   [34m├─[39m [2m/january-31/index.html[22m [2m(+22ms)[22m 
[2m01:43:27[22m   [34m├─[39m [2m/february-1/index.html[22m [2m(+24ms)[22m 
[2m01:43:27[22m   [34m├─[39m [2m/february-2/index.html[22m [2m(+22ms)[22m 
[2m01:43:27[22m   [34m├─[39m [2m/february-3/index.html[22m [2m(+24ms)[22m 
[2m01:43:27[22m   [34m├─[39m [2m/february-4/index.html[22m [2m(+22ms)[22m 
[2m01:43:27[22m   [34m├─[39m [2m/february-5/index.html[22m [2m(+22ms)[22m 
[2m01:43:27[22m   [34m├─[39m [2m/february-6/index.html[22m [2m(+22ms)[22m 
[2m01:43:27[22m   [34m├─[39m [2m/february-7/index.html[22m [2m(+23ms)[22m 
[2m01:43:28[22m   [34m├─[39m [2m/february-8/index.html[22m [2m(+22ms)[22m 
[2m01:43:28[22m   [34m├─[39m [2m/february-9/index.html[22m [2m(+21ms)[22m 
[2m01:43:28[22m   [34m├─[39m [2m/february-10/index.html[22m [2m(+24ms)[22m 
[2m01:43:28[22m   [34m├─[39m [2m/february-11/index.html[22m [2m(+25ms)[22m 
[2m01:43:28[22m   [34m├─[39m [2m/february-12/index.html[22m [2m(+35ms)[22m 
[2m01:43:28[22m   [34m├─[39m [2m/february-13/index.html[22m [2m(+23ms)[22m 
[2m01:43:28[22m   [34m├─[39m [2m/february-14/index.html[22m [2m(+21ms)[22m 
[2m01:43:28[22m   [34m├─[39m [2m/february-15/index.html[22m [2m(+23ms)[22m 
[2m01:43:28[22m   [34m├─[39m [2m/february-16/index.html[22m [2m(+22ms)[22m 
[2m01:43:28[22m   [34m├─[39m [2m/february-17/index.html[22m [2m(+22ms)[22m 
[2m01:43:28[22m   [34m├─[39m [2m/february-18/index.html[22m [2m(+21ms)[22m 
[2m01:43:28[22m   [34m├─[39m [2m/february-19/index.html[22m [2m(+23ms)[22m 
[2m01:43:28[22m   [34m├─[39m [2m/february-20/index.html[22m [2m(+23ms)[22m 
[2m01:43:28[22m   [34m├─[39m [2m/february-21/index.html[22m [2m(+21ms)[22m 
[2m01:43:28[22m   [34m├─[39m [2m/february-22/index.html[22m [2m(+23ms)[22m 
[2m01:43:28[22m   [34m├─[39m [2m/february-23/index.html[22m [2m(+23ms)[22m 
[2m01:43:28[22m   [34m├─[39m [2m/february-24/index.html[22m [2m(+22ms)[22m 
[2m01:43:28[22m   [34m├─[39m [2m/february-25/index.html[22m [2m(+24ms)[22m 
[2m01:43:28[22m   [34m├─[39m [2m/february-26/index.html[22m [2m(+23ms)[22m 
[2m01:43:28[22m   [34m├─[39m [2m/february-27/index.html[22m [2m(+22ms)[22m 
[2m01:43:28[22m   [34m├─[39m [2m/february-28/index.html[22m [2m(+25ms)[22m 
[2m01:43:28[22m   [34m├─[39m [2m/february-29/index.html[22m [2m(+29ms)[22m 
[2m01:43:28[22m   [34m├─[39m [2m/march-1/index.html[22m [2m(+28ms)[22m 
[2m01:43:28[22m   [34m├─[39m [2m/march-2/index.html[22m [2m(+25ms)[22m 
[2m01:43:28[22m   [34m├─[39m [2m/march-3/index.html[22m [2m(+22ms)[22m 
[2m01:43:28[22m   [34m├─[39m [2m/march-4/index.html[22m [2m(+24ms)[22m 
[2m01:43:28[22m   [34m├─[39m [2m/march-5/index.html[22m [2m(+23ms)[22m 
[2m01:43:28[22m   [34m├─[39m [2m/march-6/index.html[22m [2m(+23ms)[22m 
[2m01:43:28[22m   [34m├─[39m [2m/march-7/index.html[22m [2m(+23ms)[22m 
[2m01:43:28[22m   [34m├─[39m [2m/march-8/index.html[22m [2m(+22ms)[22m 
[2m01:43:28[22m   [34m├─[39m [2m/march-9/index.html[22m [2m(+24ms)[22m 
[2m01:43:28[22m   [34m├─[39m [2m/march-10/index.html[22m [2m(+22ms)[22m 
[2m01:43:28[22m   [34m├─[39m [2m/march-11/index.html[22m [2m(+23ms)[22m 
[2m01:43:28[22m   [34m├─[39m [2m/march-12/index.html[22m [2m(+22ms)[22m 
[2m01:43:28[22m   [34m├─[39m [2m/march-13/index.html[22m [2m(+22ms)[22m 
[2m01:43:28[22m   [34m├─[39m [2m/march-14/index.html[22m [2m(+24ms)[22m 
[2m01:43:28[22m   [34m├─[39m [2m/march-15/index.html[22m [2m(+22ms)[22m 
[2m01:43:28[22m   [34m├─[39m [2m/march-16/index.html[22m [2m(+23ms)[22m 
[2m01:43:28[22m   [34m├─[39m [2m/march-17/index.html[22m [2m(+23ms)[22m 
[2m01:43:28[22m   [34m├─[39m [2m/march-18/index.html[22m [2m(+23ms)[22m 
[2m01:43:28[22m   [34m├─[39m [2m/march-19/index.html[22m [2m(+23ms)[22m 
[2m01:43:28[22m   [34m├─[39m [2m/march-20/index.html[22m [2m(+23ms)[22m 
[2m01:43:28[22m   [34m├─[39m [2m/march-21/index.html[22m [2m(+24ms)[22m 
[2m01:43:29[22m   [34m├─[39m [2m/march-22/index.html[22m [2m(+22ms)[22m 
[2m01:43:29[22m   [34m├─[39m [2m/march-23/index.html[22m [2m(+23ms)[22m 
[2m01:43:29[22m   [34m├─[39m [2m/march-24/index.html[22m [2m(+22ms)[22m 
[2m01:43:29[22m   [34m├─[39m [2m/march-25/index.html[22m [2m(+22ms)[22m 
[2m01:43:29[22m   [34m├─[39m [2m/march-26/index.html[22m [2m(+23ms)[22m 
[2m01:43:29[22m   [34m├─[39m [2m/march-27/index.html[22m [2m(+23ms)[22m 
[2m01:43:29[22m   [34m├─[39m [2m/march-28/index.html[22m [2m(+22ms)[22m 
[2m01:43:29[22m   [34m├─[39m [2m/march-29/index.html[22m [2m(+24ms)[22m 
[2m01:43:29[22m   [34m├─[39m [2m/march-30/index.html[22m [2m(+22ms)[22m 
[2m01:43:29[22m   [34m├─[39m [2m/march-31/index.html[22m [2m(+25ms)[22m 
[2m01:43:29[22m   [34m├─[39m [2m/april-1/index.html[22m [2m(+22ms)[22m 
[2m01:43:29[22m   [34m├─[39m [2m/april-2/index.html[22m [2m(+25ms)[22m 
[2m01:43:29[22m   [34m├─[39m [2m/april-3/index.html[22m [2m(+22ms)[22m 
[2m01:43:29[22m   [34m├─[39m [2m/april-4/index.html[22m [2m(+22ms)[22m 
[2m01:43:29[22m   [34m├─[39m [2m/april-5/index.html[22m [2m(+22ms)[22m 
[2m01:43:29[22m   [34m├─[39m [2m/april-6/index.html[22m [2m(+22ms)[22m 
[2m01:43:29[22m   [34m├─[39m [2m/april-7/index.html[22m [2m(+21ms)[22m 
[2m01:43:29[22m   [34m├─[39m [2m/april-8/index.html[22m [2m(+23ms)[22m 
[2m01:43:29[22m   [34m├─[39m [2m/april-9/index.html[22m [2m(+21ms)[22m 
[2m01:43:29[22m   [34m├─[39m [2m/april-10/index.html[22m [2m(+23ms)[22m 
[2m01:43:29[22m   [34m├─[39m [2m/april-11/index.html[22m [2m(+22ms)[22m 
[2m01:43:29[22m   [34m├─[39m [2m/april-12/index.html[22m [2m(+22ms)[22m 
[2m01:43:29[22m   [34m├─[39m [2m/april-13/index.html[22m [2m(+22ms)[22m 
[2m01:43:29[22m   [34m├─[39m [2m/april-14/index.html[22m [2m(+21ms)[22m 
[2m01:43:29[22m   [34m├─[39m [2m/april-15/index.html[22m [2m(+21ms)[22m 
[2m01:43:29[22m   [34m├─[39m [2m/april-16/index.html[22m [2m(+22ms)[22m 
[2m01:43:29[22m   [34m├─[39m [2m/april-17/index.html[22m [2m(+21ms)[22m 
[2m01:43:29[22m   [34m├─[39m [2m/april-18/index.html[22m [2m(+21ms)[22m 
[2m01:43:29[22m   [34m├─[39m [2m/april-19/index.html[22m [2m(+22ms)[22m 
[2m01:43:29[22m   [34m├─[39m [2m/april-20/index.html[22m [2m(+23ms)[22m 
[2m01:43:29[22m   [34m├─[39m [2m/april-21/index.html[22m [2m(+22ms)[22m 
[2m01:43:29[22m   [34m├─[39m [2m/april-22/index.html[22m [2m(+23ms)[22m 
[2m01:43:29[22m   [34m├─[39m [2m/april-23/index.html[22m [2m(+23ms)[22m 
[2m01:43:29[22m   [34m├─[39m [2m/april-24/index.html[22m [2m(+23ms)[22m 
[2m01:43:29[22m   [34m├─[39m [2m/april-25/index.html[22m [2m(+22ms)[22m 
[2m01:43:29[22m   [34m├─[39m [2m/april-26/index.html[22m [2m(+23ms)[22m 
[2m01:43:29[22m   [34m├─[39m [2m/april-27/index.html[22m [2m(+23ms)[22m 
[2m01:43:29[22m   [34m├─[39m [2m/april-28/index.html[22m [2m(+23ms)[22m 
[2m01:43:29[22m   [34m├─[39m [2m/april-29/index.html[22m [2m(+23ms)[22m 
[2m01:43:29[22m   [34m├─[39m [2m/april-30/index.html[22m [2m(+22ms)[22m 
[2m01:43:29[22m   [34m├─[39m [2m/may-1/index.html[22m [2m(+22ms)[22m 
[2m01:43:29[22m   [34m├─[39m [2m/may-2/index.html[22m [2m(+22ms)[22m 
[2m01:43:29[22m   [34m├─[39m [2m/may-3/index.html[22m [2m(+22ms)[22m 
[2m01:43:29[22m   [34m├─[39m [2m/may-4/index.html[22m [2m(+21ms)[22m 
[2m01:43:30[22m   [34m├─[39m [2m/may-5/index.html[22m [2m(+22ms)[22m 
[2m01:43:30[22m   [34m├─[39m [2m/may-6/index.html[22m [2m(+21ms)[22m 
[2m01:43:30[22m   [34m├─[39m [2m/may-7/index.html[22m [2m(+21ms)[22m 
[2m01:43:30[22m   [34m├─[39m [2m/may-8/index.html[22m [2m(+21ms)[22m 
[2m01:43:30[22m   [34m├─[39m [2m/may-9/index.html[22m [2m(+22ms)[22m 
[2m01:43:30[22m   [34m├─[39m [2m/may-10/index.html[22m [2m(+22ms)[22m 
[2m01:43:30[22m   [34m├─[39m [2m/may-11/index.html[22m [2m(+22ms)[22m 
[2m01:43:30[22m   [34m├─[39m [2m/may-12/index.html[22m [2m(+22ms)[22m 
[2m01:43:30[22m   [34m├─[39m [2m/may-13/index.html[22m [2m(+21ms)[22m 
[2m01:43:30[22m   [34m├─[39m [2m/may-14/index.html[22m [2m(+22ms)[22m 
[2m01:43:30[22m   [34m├─[39m [2m/may-15/index.html[22m [2m(+22ms)[22m 
[2m01:43:30[22m   [34m├─[39m [2m/may-16/index.html[22m [2m(+24ms)[22m 
[2m01:43:30[22m   [34m├─[39m [2m/may-17/index.html[22m [2m(+22ms)[22m 
[2m01:43:30[22m   [34m├─[39m [2m/may-18/index.html[22m [2m(+22ms)[22m 
[2m01:43:30[22m   [34m├─[39m [2m/may-19/index.html[22m [2m(+21ms)[22m 
[2m01:43:30[22m   [34m├─[39m [2m/may-20/index.html[22m [2m(+22ms)[22m 
[2m01:43:30[22m   [34m├─[39m [2m/may-21/index.html[22m [2m(+22ms)[22m 
[2m01:43:30[22m   [34m├─[39m [2m/may-22/index.html[22m [2m(+22ms)[22m 
[2m01:43:30[22m   [34m├─[39m [2m/may-23/index.html[22m [2m(+25ms)[22m 
[2m01:43:30[22m   [34m├─[39m [2m/may-24/index.html[22m [2m(+25ms)[22m 
[2m01:43:30[22m   [34m├─[39m [2m/may-25/index.html[22m [2m(+23ms)[22m 
[2m01:43:30[22m   [34m├─[39m [2m/may-26/index.html[22m [2m(+21ms)[22m 
[2m01:43:30[22m   [34m├─[39m [2m/may-27/index.html[22m [2m(+23ms)[22m 
[2m01:43:30[22m   [34m├─[39m [2m/may-28/index.html[22m [2m(+21ms)[22m 
[2m01:43:30[22m   [34m├─[39m [2m/may-29/index.html[22m [2m(+21ms)[22m 
[2m01:43:30[22m   [34m├─[39m [2m/may-30/index.html[22m [2m(+22ms)[22m 
[2m01:43:30[22m   [34m├─[39m [2m/may-31/index.html[22m [2m(+22ms)[22m 
[2m01:43:30[22m   [34m├─[39m [2m/june-1/index.html[22m [2m(+21ms)[22m 
[2m01:43:30[22m   [34m├─[39m [2m/june-2/index.html[22m [2m(+22ms)[22m 
[2m01:43:30[22m   [34m├─[39m [2m/june-3/index.html[22m [2m(+23ms)[22m 
[2m01:43:30[22m   [34m├─[39m [2m/june-4/index.html[22m [2m(+22ms)[22m 
[2m01:43:30[22m   [34m├─[39m [2m/june-5/index.html[22m [2m(+22ms)[22m 
[2m01:43:30[22m   [34m├─[39m [2m/june-6/index.html[22m [2m(+21ms)[22m 
[2m01:43:30[22m   [34m├─[39m [2m/june-7/index.html[22m [2m(+23ms)[22m 
[2m01:43:30[22m   [34m├─[39m [2m/june-8/index.html[22m [2m(+23ms)[22m 
[2m01:43:30[22m   [34m├─[39m [2m/june-9/index.html[22m [2m(+23ms)[22m 
[2m01:43:30[22m   [34m├─[39m [2m/june-10/index.html[22m [2m(+21ms)[22m 
[2m01:43:30[22m   [34m├─[39m [2m/june-11/index.html[22m [2m(+23ms)[22m 
[2m01:43:30[22m   [34m├─[39m [2m/june-12/index.html[22m [2m(+23ms)[22m 
[2m01:43:30[22m   [34m├─[39m [2m/june-13/index.html[22m [2m(+22ms)[22m 
[2m01:43:30[22m   [34m├─[39m [2m/june-14/index.html[22m [2m(+23ms)[22m 
[2m01:43:30[22m   [34m├─[39m [2m/june-15/index.html[22m [2m(+21ms)[22m 
[2m01:43:30[22m   [34m├─[39m [2m/june-16/index.html[22m [2m(+22ms)[22m 
[2m01:43:30[22m   [34m├─[39m [2m/june-17/index.html[22m [2m(+21ms)[22m 
[2m01:43:30[22m   [34m├─[39m [2m/june-18/index.html[22m [2m(+22ms)[22m 
[2m01:43:31[22m   [34m├─[39m [2m/june-19/index.html[22m [2m(+23ms)[22m 
[2m01:43:31[22m   [34m├─[39m [2m/june-20/index.html[22m [2m(+22ms)[22m 
[2m01:43:31[22m   [34m├─[39m [2m/june-21/index.html[22m [2m(+22ms)[22m 
[2m01:43:31[22m   [34m├─[39m [2m/june-22/index.html[22m [2m(+22ms)[22m 
[2m01:43:31[22m   [34m├─[39m [2m/june-23/index.html[22m [2m(+24ms)[22m 
[2m01:43:31[22m   [34m├─[39m [2m/june-24/index.html[22m [2m(+23ms)[22m 
[2m01:43:31[22m   [34m├─[39m [2m/june-25/index.html[22m [2m(+22ms)[22m 
[2m01:43:31[22m   [34m├─[39m [2m/june-26/index.html[22m [2m(+21ms)[22m 
[2m01:43:31[22m   [34m├─[39m [2m/june-27/index.html[22m [2m(+22ms)[22m 
[2m01:43:31[22m   [34m├─[39m [2m/june-28/index.html[22m [2m(+25ms)[22m 
[2m01:43:31[22m   [34m├─[39m [2m/june-29/index.html[22m [2m(+22ms)[22m 
[2m01:43:31[22m   [34m├─[39m [2m/june-30/index.html[22m [2m(+22ms)[22m 
[2m01:43:31[22m   [34m├─[39m [2m/july-1/index.html[22m [2m(+22ms)[22m 
[2m01:43:31[22m   [34m├─[39m [2m/july-2/index.html[22m [2m(+23ms)[22m 
[2m01:43:31[22m   [34m├─[39m [2m/july-3/index.html[22m [2m(+22ms)[22m 
[2m01:43:31[22m   [34m├─[39m [2m/july-4/index.html[22m [2m(+22ms)[22m 
[2m01:43:31[22m   [34m├─[39m [2m/july-5/index.html[22m [2m(+22ms)[22m 
[2m01:43:31[22m   [34m├─[39m [2m/july-6/index.html[22m [2m(+22ms)[22m 
[2m01:43:31[22m   [34m├─[39m [2m/july-7/index.html[22m [2m(+22ms)[22m 
[2m01:43:31[22m   [34m├─[39m [2m/july-8/index.html[22m [2m(+22ms)[22m 
[2m01:43:31[22m   [34m├─[39m [2m/july-9/index.html[22m [2m(+22ms)[22m 
[2m01:43:31[22m   [34m├─[39m [2m/july-10/index.html[22m [2m(+21ms)[22m 
[2m01:43:31[22m   [34m├─[39m [2m/july-11/index.html[22m [2m(+23ms)[22m 
[2m01:43:31[22m   [34m├─[39m [2m/july-12/index.html[22m [2m(+22ms)[22m 
[2m01:43:31[22m   [34m├─[39m [2m/july-13/index.html[22m [2m(+24ms)[22m 
[2m01:43:31[22m   [34m├─[39m [2m/july-14/index.html[22m [2m(+22ms)[22m 
[2m01:43:31[22m   [34m├─[39m [2m/july-15/index.html[22m [2m(+22ms)[22m 
[2m01:43:31[22m   [34m├─[39m [2m/july-16/index.html[22m [2m(+22ms)[22m 
[2m01:43:31[22m   [34m├─[39m [2m/july-17/index.html[22m [2m(+21ms)[22m 
[2m01:43:31[22m   [34m├─[39m [2m/july-18/index.html[22m [2m(+22ms)[22m 
[2m01:43:31[22m   [34m├─[39m [2m/july-19/index.html[22m [2m(+25ms)[22m 
[2m01:43:31[22m   [34m├─[39m [2m/july-20/index.html[22m [2m(+29ms)[22m 
[2m01:43:31[22m   [34m├─[39m [2m/july-21/index.html[22m [2m(+26ms)[22m 
[2m01:43:31[22m   [34m├─[39m [2m/july-22/index.html[22m [2m(+24ms)[22m 
[2m01:43:31[22m   [34m├─[39m [2m/july-23/index.html[22m [2m(+24ms)[22m 
[2m01:43:31[22m   [34m├─[39m [2m/july-24/index.html[22m [2m(+23ms)[22m 
[2m01:43:31[22m   [34m├─[39m [2m/july-25/index.html[22m [2m(+25ms)[22m 
[2m01:43:31[22m   [34m├─[39m [2m/july-26/index.html[22m [2m(+22ms)[22m 
[2m01:43:31[22m   [34m├─[39m [2m/july-27/index.html[22m [2m(+25ms)[22m 
[2m01:43:31[22m   [34m├─[39m [2m/july-28/index.html[22m [2m(+23ms)[22m 
[2m01:43:31[22m   [34m├─[39m [2m/july-29/index.html[22m [2m(+24ms)[22m 
[2m01:43:31[22m   [34m├─[39m [2m/july-30/index.html[22m [2m(+25ms)[22m 
[2m01:43:31[22m   [34m├─[39m [2m/july-31/index.html[22m [2m(+28ms)[22m 
[2m01:43:32[22m   [34m├─[39m [2m/august-1/index.html[22m [2m(+24ms)[22m 
[2m01:43:32[22m   [34m├─[39m [2m/august-2/index.html[22m [2m(+23ms)[22m 
[2m01:43:32[22m   [34m├─[39m [2m/august-3/index.html[22m [2m(+22ms)[22m 
[2m01:43:32[22m   [34m├─[39m [2m/august-4/index.html[22m [2m(+24ms)[22m 
[2m01:43:32[22m   [34m├─[39m [2m/august-5/index.html[22m [2m(+23ms)[22m 
[2m01:43:32[22m   [34m├─[39m [2m/august-6/index.html[22m [2m(+27ms)[22m 
[2m01:43:32[22m   [34m├─[39m [2m/august-7/index.html[22m [2m(+28ms)[22m 
[2m01:43:32[22m   [34m├─[39m [2m/august-8/index.html[22m [2m(+24ms)[22m 
[2m01:43:32[22m   [34m├─[39m [2m/august-9/index.html[22m [2m(+25ms)[22m 
[2m01:43:32[22m   [34m├─[39m [2m/august-10/index.html[22m [2m(+22ms)[22m 
[2m01:43:32[22m   [34m├─[39m [2m/august-11/index.html[22m [2m(+23ms)[22m 
[2m01:43:32[22m   [34m├─[39m [2m/august-12/index.html[22m [2m(+25ms)[22m 
[2m01:43:32[22m   [34m├─[39m [2m/august-13/index.html[22m [2m(+25ms)[22m 
[2m01:43:32[22m   [34m├─[39m [2m/august-14/index.html[22m [2m(+33ms)[22m 
[2m01:43:32[22m   [34m├─[39m [2m/august-15/index.html[22m [2m(+33ms)[22m 
[2m01:43:32[22m   [34m├─[39m [2m/august-16/index.html[22m [2m(+32ms)[22m 
[2m01:43:32[22m   [34m├─[39m [2m/august-17/index.html[22m [2m(+30ms)[22m 
[2m01:43:32[22m   [34m├─[39m [2m/august-18/index.html[22m [2m(+31ms)[22m 
[2m01:43:32[22m   [34m├─[39m [2m/august-19/index.html[22m [2m(+30ms)[22m 
[2m01:43:32[22m   [34m├─[39m [2m/august-20/index.html[22m [2m(+34ms)[22m 
[2m01:43:32[22m   [34m├─[39m [2m/august-21/index.html[22m [2m(+27ms)[22m 
[2m01:43:32[22m   [34m├─[39m [2m/august-22/index.html[22m [2m(+28ms)[22m 
[2m01:43:32[22m   [34m├─[39m [2m/august-23/index.html[22m [2m(+27ms)[22m 
[2m01:43:32[22m   [34m├─[39m [2m/august-24/index.html[22m [2m(+30ms)[22m 
[2m01:43:32[22m   [34m├─[39m [2m/august-25/index.html[22m [2m(+28ms)[22m 
[2m01:43:32[22m   [34m├─[39m [2m/august-26/index.html[22m [2m(+29ms)[22m 
[2m01:43:32[22m   [34m├─[39m [2m/august-27/index.html[22m [2m(+30ms)[22m 
[2m01:43:32[22m   [34m├─[39m [2m/august-28/index.html[22m [2m(+31ms)[22m 
[2m01:43:32[22m   [34m├─[39m [2m/august-29/index.html[22m [2m(+30ms)[22m 
[2m01:43:32[22m   [34m├─[39m [2m/august-30/index.html[22m [2m(+33ms)[22m 
[2m01:43:32[22m   [34m├─[39m [2m/august-31/index.html[22m [2m(+27ms)[22m 
[2m01:43:32[22m   [34m├─[39m [2m/september-1/index.html[22m [2m(+26ms)[22m 
[2m01:43:32[22m   [34m├─[39m [2m/september-2/index.html[22m [2m(+25ms)[22m 
[2m01:43:32[22m   [34m├─[39m [2m/september-3/index.html[22m [2m(+29ms)[22m 
[2m01:43:32[22m   [34m├─[39m [2m/september-4/index.html[22m [2m(+49ms)[22m 
[2m01:43:32[22m   [34m├─[39m [2m/september-5/index.html[22m [2m(+27ms)[22m 
[2m01:43:33[22m   [34m├─[39m [2m/september-6/index.html[22m [2m(+29ms)[22m 
[2m01:43:33[22m   [34m├─[39m [2m/september-7/index.html[22m [2m(+29ms)[22m 
[2m01:43:33[22m   [34m├─[39m [2m/september-8/index.html[22m [2m(+28ms)[22m 
[2m01:43:33[22m   [34m├─[39m [2m/september-9/index.html[22m [2m(+32ms)[22m 
[2m01:43:33[22m   [34m├─[39m [2m/september-10/index.html[22m [2m(+33ms)[22m 
[2m01:43:33[22m   [34m├─[39m [2m/september-11/index.html[22m [2m(+29ms)[22m 
[2m01:43:33[22m   [34m├─[39m [2m/september-12/index.html[22m [2m(+28ms)[22m 
[2m01:43:33[22m   [34m├─[39m [2m/september-13/index.html[22m [2m(+29ms)[22m 
[2m01:43:33[22m   [34m├─[39m [2m/september-14/index.html[22m [2m(+31ms)[22m 
[2m01:43:33[22m   [34m├─[39m [2m/september-15/index.html[22m [2m(+30ms)[22m 
[2m01:43:33[22m   [34m├─[39m [2m/september-16/index.html[22m [2m(+28ms)[22m 
[2m01:43:33[22m   [34m├─[39m [2m/september-17/index.html[22m [2m(+31ms)[22m 
[2m01:43:33[22m   [34m├─[39m [2m/september-18/index.html[22m [2m(+33ms)[22m 
[2m01:43:33[22m   [34m├─[39m [2m/september-19/index.html[22m [2m(+26ms)[22m 
[2m01:43:33[22m   [34m├─[39m [2m/september-20/index.html[22m [2m(+24ms)[22m 
[2m01:43:33[22m   [34m├─[39m [2m/september-21/index.html[22m [2m(+23ms)[22m 
[2m01:43:33[22m   [34m├─[39m [2m/september-22/index.html[22m [2m(+26ms)[22m 
[2m01:43:33[22m   [34m├─[39m [2m/september-23/index.html[22m [2m(+26ms)[22m 
[2m01:43:33[22m   [34m├─[39m [2m/september-24/index.html[22m [2m(+26ms)[22m 
[2m01:43:33[22m   [34m├─[39m [2m/september-25/index.html[22m [2m(+26ms)[22m 
[2m01:43:33[22m   [34m├─[39m [2m/september-26/index.html[22m [2m(+24ms)[22m 
[2m01:43:33[22m   [34m├─[39m [2m/september-27/index.html[22m [2m(+24ms)[22m 
[2m01:43:33[22m   [34m├─[39m [2m/september-28/index.html[22m [2m(+24ms)[22m 
[2m01:43:33[22m   [34m├─[39m [2m/september-29/index.html[22m [2m(+25ms)[22m 
[2m01:43:33[22m   [34m├─[39m [2m/september-30/index.html[22m [2m(+24ms)[22m 
[2m01:43:33[22m   [34m├─[39m [2m/october-1/index.html[22m [2m(+26ms)[22m 
[2m01:43:33[22m   [34m├─[39m [2m/october-2/index.html[22m [2m(+28ms)[22m 
[2m01:43:33[22m   [34m├─[39m [2m/october-3/index.html[22m [2m(+29ms)[22m 
[2m01:43:33[22m   [34m├─[39m [2m/october-4/index.html[22m [2m(+28ms)[22m 
[2m01:43:33[22m   [34m├─[39m [2m/october-5/index.html[22m [2m(+30ms)[22m 
[2m01:43:33[22m   [34m├─[39m [2m/october-6/index.html[22m [2m(+24ms)[22m 
[2m01:43:33[22m   [34m├─[39m [2m/october-7/index.html[22m [2m(+25ms)[22m 
[2m01:43:33[22m   [34m├─[39m [2m/october-8/index.html[22m [2m(+25ms)[22m 
[2m01:43:33[22m   [34m├─[39m [2m/october-9/index.html[22m [2m(+27ms)[22m 
[2m01:43:33[22m   [34m├─[39m [2m/october-10/index.html[22m [2m(+24ms)[22m 
[2m01:43:33[22m   [34m├─[39m [2m/october-11/index.html[22m [2m(+26ms)[22m 
[2m01:43:34[22m   [34m├─[39m [2m/october-12/index.html[22m [2m(+25ms)[22m 
[2m01:43:34[22m   [34m├─[39m [2m/october-13/index.html[22m [2m(+25ms)[22m 
[2m01:43:34[22m   [34m├─[39m [2m/october-14/index.html[22m [2m(+26ms)[22m 
[2m01:43:34[22m   [34m├─[39m [2m/october-15/index.html[22m [2m(+25ms)[22m 
[2m01:43:34[22m   [34m├─[39m [2m/october-16/index.html[22m [2m(+24ms)[22m 
[2m01:43:34[22m   [34m├─[39m [2m/october-17/index.html[22m [2m(+27ms)[22m 
[2m01:43:34[22m   [34m├─[39m [2m/october-18/index.html[22m [2m(+27ms)[22m 
[2m01:43:34[22m   [34m├─[39m [2m/october-19/index.html[22m [2m(+27ms)[22m 
[2m01:43:34[22m   [34m├─[39m [2m/october-20/index.html[22m [2m(+29ms)[22m 
[2m01:43:34[22m   [34m├─[39m [2m/october-21/index.html[22m [2m(+24ms)[22m 
[2m01:43:34[22m   [34m├─[39m [2m/october-22/index.html[22m [2m(+26ms)[22m 
[2m01:43:34[22m   [34m├─[39m [2m/october-23/index.html[22m [2m(+24ms)[22m 
[2m01:43:34[22m   [34m├─[39m [2m/october-24/index.html[22m [2m(+22ms)[22m 
[2m01:43:34[22m   [34m├─[39m [2m/october-25/index.html[22m [2m(+23ms)[22m 
[2m01:43:34[22m   [34m├─[39m [2m/october-26/index.html[22m [2m(+27ms)[22m 
[2m01:43:34[22m   [34m├─[39m [2m/october-27/index.html[22m [2m(+23ms)[22m 
[2m01:43:34[22m   [34m├─[39m [2m/october-28/index.html[22m [2m(+28ms)[22m 
[2m01:43:34[22m   [34m├─[39m [2m/october-29/index.html[22m [2m(+26ms)[22m 
[2m01:43:34[22m   [34m├─[39m [2m/october-30/index.html[22m [2m(+27ms)[22m 
[2m01:43:34[22m   [34m├─[39m [2m/october-31/index.html[22m [2m(+25ms)[22m 
[2m01:43:34[22m   [34m├─[39m [2m/november-1/index.html[22m [2m(+25ms)[22m 
[2m01:43:34[22m   [34m├─[39m [2m/november-2/index.html[22m [2m(+25ms)[22m 
[2m01:43:34[22m   [34m├─[39m [2m/november-3/index.html[22m [2m(+27ms)[22m 
[2m01:43:34[22m   [34m├─[39m [2m/november-4/index.html[22m [2m(+31ms)[22m 
[2m01:43:34[22m   [34m├─[39m [2m/november-5/index.html[22m [2m(+26ms)[22m 
[2m01:43:34[22m   [34m├─[39m [2m/november-6/index.html[22m [2m(+28ms)[22m 
[2m01:43:34[22m   [34m├─[39m [2m/november-7/index.html[22m [2m(+25ms)[22m 
[2m01:43:34[22m   [34m├─[39m [2m/november-8/index.html[22m [2m(+34ms)[22m 
[2m01:43:34[22m   [34m├─[39m [2m/november-9/index.html[22m [2m(+30ms)[22m 
[2m01:43:34[22m   [34m├─[39m [2m/november-10/index.html[22m [2m(+54ms)[22m 
[2m01:43:34[22m   [34m├─[39m [2m/november-11/index.html[22m [2m(+30ms)[22m 
[2m01:43:34[22m   [34m├─[39m [2m/november-12/index.html[22m [2m(+27ms)[22m 
[2m01:43:34[22m   [34m├─[39m [2m/november-13/index.html[22m [2m(+26ms)[22m 
[2m01:43:34[22m   [34m├─[39m [2m/november-14/index.html[22m [2m(+26ms)[22m 
[2m01:43:34[22m   [34m├─[39m [2m/november-15/index.html[22m [2m(+25ms)[22m 
[2m01:43:34[22m   [34m├─[39m [2m/november-16/index.html[22m [2m(+24ms)[22m 
[2m01:43:34[22m   [34m├─[39m [2m/november-17/index.html[22m [2m(+25ms)[22m 
[2m01:43:35[22m   [34m├─[39m [2m/november-18/index.html[22m [2m(+25ms)[22m 
[2m01:43:35[22m   [34m├─[39m [2m/november-19/index.html[22m [2m(+24ms)[22m 
[2m01:43:35[22m   [34m├─[39m [2m/november-20/index.html[22m [2m(+24ms)[22m 
[2m01:43:35[22m   [34m├─[39m [2m/november-21/index.html[22m [2m(+24ms)[22m 
[2m01:43:35[22m   [34m├─[39m [2m/november-22/index.html[22m [2m(+24ms)[22m 
[2m01:43:35[22m   [34m├─[39m [2m/november-23/index.html[22m [2m(+25ms)[22m 
[2m01:43:35[22m   [34m├─[39m [2m/november-24/index.html[22m [2m(+35ms)[22m 
[2m01:43:35[22m   [34m├─[39m [2m/november-25/index.html[22m [2m(+29ms)[22m 
[2m01:43:35[22m   [34m├─[39m [2m/november-26/index.html[22m [2m(+24ms)[22m 
[2m01:43:35[22m   [34m├─[39m [2m/november-27/index.html[22m [2m(+27ms)[22m 
[2m01:43:35[22m   [34m├─[39m [2m/november-28/index.html[22m [2m(+25ms)[22m 
[2m01:43:35[22m   [34m├─[39m [2m/november-29/index.html[22m [2m(+24ms)[22m 
[2m01:43:35[22m   [34m├─[39m [2m/november-30/index.html[22m [2m(+25ms)[22m 
[2m01:43:35[22m   [34m├─[39m [2m/december-1/index.html[22m [2m(+24ms)[22m 
[2m01:43:35[22m   [34m├─[39m [2m/december-2/index.html[22m [2m(+23ms)[22m 
[2m01:43:35[22m   [34m├─[39m [2m/december-3/index.html[22m [2m(+22ms)[22m 
[2m01:43:35[22m   [34m├─[39m [2m/december-4/index.html[22m [2m(+26ms)[22m 
[2m01:43:35[22m   [34m├─[39m [2m/december-5/index.html[22m [2m(+23ms)[22m 
[2m01:43:35[22m   [34m├─[39m [2m/december-6/index.html[22m [2m(+24ms)[22m 
[2m01:43:35[22m   [34m├─[39m [2m/december-7/index.html[22m [2m(+27ms)[22m 
[2m01:43:35[22m   [34m├─[39m [2m/december-8/index.html[22m [2m(+23ms)[22m 
[2m01:43:35[22m   [34m├─[39m [2m/december-9/index.html[22m [2m(+24ms)[22m 
[2m01:43:35[22m   [34m├─[39m [2m/december-10/index.html[22m [2m(+26ms)[22m 
[2m01:43:35[22m   [34m├─[39m [2m/december-11/index.html[22m [2m(+24ms)[22m 
[2m01:43:35[22m   [34m├─[39m [2m/december-12/index.html[22m [2m(+24ms)[22m 
[2m01:43:35[22m   [34m├─[39m [2m/december-13/index.html[22m [2m(+25ms)[22m 
[2m01:43:35[22m   [34m├─[39m [2m/december-14/index.html[22m [2m(+25ms)[22m 
[2m01:43:35[22m   [34m├─[39m [2m/december-15/index.html[22m [2m(+23ms)[22m 
[2m01:43:35[22m   [34m├─[39m [2m/december-16/index.html[22m [2m(+25ms)[22m 
[2m01:43:35[22m   [34m├─[39m [2m/december-17/index.html[22m [2m(+27ms)[22m 
[2m01:43:35[22m   [34m├─[39m [2m/december-18/index.html[22m [2m(+24ms)[22m 
[2m01:43:35[22m   [34m├─[39m [2m/december-19/index.html[22m [2m(+28ms)[22m 
[2m01:43:35[22m   [34m├─[39m [2m/december-20/index.html[22m [2m(+25ms)[22m 
[2m01:43:35[22m   [34m├─[39m [2m/december-21/index.html[22m [2m(+23ms)[22m 
[2m01:43:35[22m   [34m├─[39m [2m/december-22/index.html[22m [2m(+24ms)[22m 
[2m01:43:35[22m   [34m├─[39m [2m/december-23/index.html[22m [2m(+24ms)[22m 
[2m01:43:35[22m   [34m├─[39m [2m/december-24/index.html[22m [2m(+25ms)[22m 
[2m01:43:35[22m   [34m├─[39m [2m/december-25/index.html[22m [2m(+23ms)[22m 
[2m01:43:35[22m   [34m├─[39m [2m/december-26/index.html[22m [2m(+25ms)[22m 
[2m01:43:35[22m   [34m├─[39m [2m/december-27/index.html[22m [2m(+23ms)[22m 
[2m01:43:36[22m   [34m├─[39m [2m/december-28/index.html[22m [2m(+26ms)[22m 
[2m01:43:36[22m   [34m├─[39m [2m/december-29/index.html[22m [2m(+24ms)[22m 
[2m01:43:36[22m   [34m├─[39m [2m/december-30/index.html[22m [2m(+24ms)[22m 
[2m01:43:36[22m   [34m├─[39m [2m/december-31/index.html[22m [2m(+25ms)[22m 
[2m01:43:36[22m   [34m├─[39m [2m/january/index.html[22m [2m(+26ms)[22m 
[2m01:43:36[22m   [34m├─[39m [2m/february/index.html[22m [2m(+28ms)[22m 
[2m01:43:36[22m   [34m├─[39m [2m/march/index.html[22m [2m(+34ms)[22m 
[2m01:43:36[22m   [34m├─[39m [2m/april/index.html[22m [2m(+26ms)[22m 
[2m01:43:36[22m   [34m├─[39m [2m/may/index.html[22m [2m(+28ms)[22m 
[2m01:43:36[22m   [34m├─[39m [2m/june/index.html[22m [2m(+27ms)[22m 
[2m01:43:36[22m   [34m├─[39m [2m/july/index.html[22m [2m(+27ms)[22m 
[2m01:43:36[22m   [34m├─[39m [2m/august/index.html[22m [2m(+23ms)[22m 
[2m01:43:36[22m   [34m├─[39m [2m/september/index.html[22m [2m(+27ms)[22m 
[2m01:43:36[22m   [34m├─[39m [2m/october/index.html[22m [2m(+22ms)[22m 
[2m01:43:36[22m   [34m├─[39m [2m/november/index.html[22m [2m(+24ms)[22m 
[2m01:43:36[22m   [34m└─[39m [2m/december/index.html[22m [2m(+24ms)[22m 
[2m01:43:36[22m [32m▶[39m src/pages/index.astro
[2m01:43:36[22m   [34m└─[39m [2m/index.html[22m [2m(+23ms)[22m 
[2m01:43:36[22m [32m✓ Completed in 139.46s.
[39m
[2m01:43:36[22m [34m[@astrojs/sitemap][39m `sitemap-index.xml` created at `dist`
[2m01:43:36[22m [34m[build][39m 385 page(s) built in [1m145.45s[22m
[2m01:43:36[22m [34m[build][39m [1mComplete![22m
